Command line:
   DLX_ioSimul_DLX_ioSimul_sch_tb_isim_beh.exe
     -simmode  gui
     -simrunnum  0
     -socket  58166

Wed Jun 24 18:27:33 2020


 Elaboration Time: 0.093601 sec

 Current Memory Usage: 1191.94 Meg

 Total Signals          : 1638
 Total Nets             : 37280
 Total Signal Drivers   : 334
 Total Blocks           : 187
 Total Primitive Blocks : 161
 Total Processes        : 324
 Total Traceable Variables  : 252
 Total Scalar Nets and Variables : 46093
Total Line Count : 1030
Total Line Count : 1030

 Total Simulation Time: 0.296403 sec

 Current Memory Usage: 1225.11 Meg

Wed Jun 24 18:30:14 2020

